<?xml version="1.0" encoding="UTF-8"?>
<!-- Generated by org.testng.reporters.JUnitReportReporter -->
<testsuite skipped="0" hostname="Lenovo-PC" name="com.xiaobaozi.pageCase.OrderCase" tests="3" failures="0" timestamp="28 十一月 2019 15:40:11 GMT" time="38.812" errors="0">
  <testcase name="BuyNow_exist" time="10.679" classname="com.xiaobaozi.pageCase.OrderCase"/>
  <testcase name="Login" time="8.933" classname="com.xiaobaozi.pageCase.OrderCase"/>
  <testcase name="BuyCourse" time="19.200" classname="com.xiaobaozi.pageCase.OrderCase"/>
</testsuite> <!-- com.xiaobaozi.pageCase.OrderCase -->
