<?xml version="1.0" encoding="UTF-8"?>
<!-- Generated by org.testng.reporters.JUnitReportReporter -->
<testsuite skipped="0" hostname="Lenovo-PC" name="com.xiaobaozi.pageCase.OneCase" tests="1" failures="0" timestamp="24 十月 2019 00:16:18 GMT" time="8.675" errors="0">
  <testcase name="Test" time="8.675" classname="com.xiaobaozi.pageCase.OneCase"/>
</testsuite> <!-- com.xiaobaozi.pageCase.OneCase -->
