<?xml version="1.0" encoding="UTF-8"?>
<!-- Generated by org.testng.reporters.JUnitReportReporter -->
<testsuite skipped="0" hostname="Lenovo-PC" name="com.xiaobaozi.pageCase.CartCase" tests="2" failures="0" timestamp="28 十一月 2019 15:40:11 GMT" time="14.419" errors="0">
  <testcase name="AddCart_exist" time="6.263" classname="com.xiaobaozi.pageCase.CartCase"/>
  <testcase name="AddCart" time="8.156" classname="com.xiaobaozi.pageCase.CartCase"/>
</testsuite> <!-- com.xiaobaozi.pageCase.CartCase -->
