<?xml version="1.0" encoding="UTF-8"?>
<!-- Generated by org.testng.reporters.JUnitReportReporter -->
<testsuite skipped="0" hostname="Lenovo-PC" name="com.xiaobaozi.pageCase.LoginPageCase" tests="1" failures="0" timestamp="28 十一月 2019 15:40:11 GMT" time="9.226" errors="0">
  <testcase name="Login" time="9.226" classname="com.xiaobaozi.pageCase.LoginPageCase"/>
</testsuite> <!-- com.xiaobaozi.pageCase.LoginPageCase -->
